<?xml version="1.0" encoding="UTF-8"?>
<testsuites name="Mocha Tests" time="6.610" tests="6" failures="0">
  <testsuite name="Root Suite" timestamp="2024-10-18T04:42:07" tests="0" file="cypress/e2e/signup.cy.ts" time="0.000" failures="0">
  </testsuite>
  <testsuite name="Sign Up Form" timestamp="2024-10-18T04:42:07" tests="6" time="6.608" failures="0">
    <testcase name="Sign Up Form should fill out the signup form and submit" time="1.558" classname="should fill out the signup form and submit">
    </testcase>
    <testcase name="Sign Up Form should show validation errors on empty fields" time="0.468" classname="should show validation errors on empty fields">
    </testcase>
    <testcase name="Sign Up Form should show username and email already exists errors" time="1.482" classname="should show username and email already exists errors">
    </testcase>
    <testcase name="Sign Up Form should show validation error for invalid email" time="1.268" classname="should show validation error for invalid email">
    </testcase>
    <testcase name="Sign Up Form should show validation error for short password" time="1.283" classname="should show validation error for short password">
    </testcase>
    <testcase name="Sign Up Form should navigate to login page" time="0.438" classname="should navigate to login page">
    </testcase>
  </testsuite>
</testsuites>